17:29:05 [35minfo[39m: Wallet | 0x56d70Bb6afD8d0ef713978E8441075D27100ad48 
17:29:18 [35minfo[39m: Wallet | 0x56d70Bb6afD8d0ef713978E8441075D27100ad48 
17:30:00 [35minfo[39m: Wallet | 0x56d70Bb6afD8d0ef713978E8441075D27100ad48 
17:30:12 [35minfo[39m: Wallet | 0x56d70Bb6afD8d0ef713978E8441075D27100ad48 
17:31:40 [35minfo[39m: Wallet | 0x56d70Bb6afD8d0ef713978E8441075D27100ad48 
17:32:11 [35minfo[39m: Wallet | 0x56d70Bb6afD8d0ef713978E8441075D27100ad48 
17:32:43 [35minfo[39m: Wallet | 0x56d70Bb6afD8d0ef713978E8441075D27100ad48 
17:33:03 [35minfo[39m: Wallet | 0x56d70Bb6afD8d0ef713978E8441075D27100ad48 
17:50:10 [35minfo[39m: Wallet | 0x56d70Bb6afD8d0ef713978E8441075D27100ad48 
17:51:47 [35minfo[39m: Wallet | 0x56d70Bb6afD8d0ef713978E8441075D27100ad48 
17:51:58 [35minfo[39m: Wallet | 0x56d70Bb6afD8d0ef713978E8441075D27100ad48 
18:11:17 [35minfo[39m: Wallet | 0x56d70Bb6afD8d0ef713978E8441075D27100ad48 
18:11:29 [35minfo[39m: Wallet | 0x56d70Bb6afD8d0ef713978E8441075D27100ad48 
18:13:01 [35minfo[39m: Wallet | 0x56d70Bb6afD8d0ef713978E8441075D27100ad48 
18:14:29 [35minfo[39m: Wallet | 0x56d70Bb6afD8d0ef713978E8441075D27100ad48 
18:15:13 [35minfo[39m: Wallet | 0x56d70Bb6afD8d0ef713978E8441075D27100ad48 
18:43:31 [35minfo[39m: Wallet | 0x56d70Bb6afD8d0ef713978E8441075D27100ad48 
18:43:31 [35minfo[39m: Prepare Open Edition Mint 
18:43:32 [31merror[39m: Invalid number of parameters for "swapExactTokenForYt". Got 1 expected 6! 
18:43:47 [35minfo[39m: Wallet | 0x56d70Bb6afD8d0ef713978E8441075D27100ad48 
18:43:47 [35minfo[39m: Prepare Open Edition Mint 
18:43:48 [31merror[39m: txData is not defined 
18:44:04 [35minfo[39m: Wallet | 0x56d70Bb6afD8d0ef713978E8441075D27100ad48 
18:44:04 [35minfo[39m: Prepare Open Edition Mint 
18:44:05 [31merror[39m: underflow [ See: https://links.ethers.org/v5-errors-NUMERIC_FAULT-underflow ] (fault="underflow", operation="BigNumber.from", value=0.000012635742857859919, code=NUMERIC_FAULT, version=bignumber/5.7.0) 
18:48:59 [35minfo[39m: Wallet | 0x56d70Bb6afD8d0ef713978E8441075D27100ad48 
18:48:59 [35minfo[39m: Prepare Open Edition Mint 
18:49:03 [31merror[39m: underflow [ See: https://links.ethers.org/v5-errors-NUMERIC_FAULT-underflow ] (fault="underflow", operation="BigNumber.from", value=126347332081949.62, code=NUMERIC_FAULT, version=bignumber/5.7.0) 
18:52:40 [35minfo[39m: Wallet | 0x56d70Bb6afD8d0ef713978E8441075D27100ad48 
18:52:40 [35minfo[39m: Prepare Open Edition Mint 
18:52:41 [31merror[39m: Returned error: execution reverted 
18:53:47 [35minfo[39m: Wallet | 0x56d70Bb6afD8d0ef713978E8441075D27100ad48 
18:53:47 [35minfo[39m: Prepare Open Edition Mint 
18:53:48 [31merror[39m: Returned error: execution reverted 
18:56:58 [35minfo[39m: Wallet | 0x56d70Bb6afD8d0ef713978E8441075D27100ad48 
18:56:58 [35minfo[39m: Prepare Open Edition Mint 
18:56:59 [31merror[39m: Returned error: execution reverted 
18:57:16 [35minfo[39m: Wallet | 0x56d70Bb6afD8d0ef713978E8441075D27100ad48 
18:57:16 [35minfo[39m: Prepare Open Edition Mint 
18:57:21 [31merror[39m: Returned error: execution reverted 
18:59:49 [35minfo[39m: Wallet | 0x56d70Bb6afD8d0ef713978E8441075D27100ad48 
18:59:49 [35minfo[39m: Prepare Open Edition Mint 
18:59:51 [31merror[39m: Returned error: execution reverted 
19:04:55 [35minfo[39m: Wallet | 0x56d70Bb6afD8d0ef713978E8441075D27100ad48 
19:04:55 [35minfo[39m: Prepare Open Edition Mint 
19:04:57 [31merror[39m: Returned error: execution reverted 
19:05:29 [35minfo[39m: Wallet | 0x56d70Bb6afD8d0ef713978E8441075D27100ad48 
19:05:29 [35minfo[39m: Prepare Open Edition Mint 
19:05:30 [31merror[39m: Returned error: execution reverted 
19:05:49 [35minfo[39m: Wallet | 0x56d70Bb6afD8d0ef713978E8441075D27100ad48 
19:05:49 [35minfo[39m: Prepare Open Edition Mint 
19:05:50 [31merror[39m: Returned error: execution reverted 
19:06:37 [35minfo[39m: Wallet | 0x56d70Bb6afD8d0ef713978E8441075D27100ad48 
19:06:37 [35minfo[39m: Prepare Open Edition Mint 
19:06:39 [31merror[39m: Returned error: execution reverted 
19:08:01 [35minfo[39m: Wallet | 0x56d70Bb6afD8d0ef713978E8441075D27100ad48 
19:08:01 [35minfo[39m: Prepare Open Edition Mint 
19:08:03 [31merror[39m: Returned error: execution reverted 
19:09:43 [35minfo[39m: Wallet | 0x56d70Bb6afD8d0ef713978E8441075D27100ad48 
19:09:43 [35minfo[39m: Prepare Open Edition Mint 
19:10:23 [35minfo[39m: Wallet | 0x56d70Bb6afD8d0ef713978E8441075D27100ad48 
19:10:23 [35minfo[39m: Prepare Open Edition Mint 
19:13:14 [35minfo[39m: Wallet | 0x56d70Bb6afD8d0ef713978E8441075D27100ad48 
19:13:14 [35minfo[39m: Prepare Open Edition Mint 
19:27:11 [35minfo[39m: Wallet | 0x56d70Bb6afD8d0ef713978E8441075D27100ad48 
19:27:11 [35minfo[39m: Prepare Open Edition Mint 
19:27:13 [31merror[39m: Returned error: execution reverted 
19:27:30 [35minfo[39m: Wallet | 0x56d70Bb6afD8d0ef713978E8441075D27100ad48 
19:27:30 [35minfo[39m: Prepare Open Edition Mint 
19:27:32 [31merror[39m: Returned error: execution reverted 
19:28:13 [35minfo[39m: Wallet | 0x56d70Bb6afD8d0ef713978E8441075D27100ad48 
19:28:13 [35minfo[39m: Prepare Open Edition Mint 
19:28:14 [31merror[39m: overflow [ See: https://links.ethers.org/v5-errors-NUMERIC_FAULT-overflow ] (fault="overflow", operation="BigNumber.from", value=98710987935997630, code=NUMERIC_FAULT, version=bignumber/5.7.0) 
19:28:33 [35minfo[39m: Wallet | 0x56d70Bb6afD8d0ef713978E8441075D27100ad48 
19:28:33 [35minfo[39m: Prepare Open Edition Mint 
19:28:35 [31merror[39m: Returned error: execution reverted 
19:29:01 [35minfo[39m: Wallet | 0x56d70Bb6afD8d0ef713978E8441075D27100ad48 
19:29:01 [35minfo[39m: Prepare Open Edition Mint 
19:29:20 [35minfo[39m: Wallet | 0x56d70Bb6afD8d0ef713978E8441075D27100ad48 
19:29:20 [35minfo[39m: Prepare Open Edition Mint 
19:29:35 [35minfo[39m: Wallet | 0x56d70Bb6afD8d0ef713978E8441075D27100ad48 
19:29:35 [35minfo[39m: Prepare Open Edition Mint 
19:30:34 [35minfo[39m: Wallet | 0x56d70Bb6afD8d0ef713978E8441075D27100ad48 
19:30:34 [35minfo[39m: Prepare Open Edition Mint 
19:31:02 [35minfo[39m: Wallet | 0x56d70Bb6afD8d0ef713978E8441075D27100ad48 
19:31:02 [35minfo[39m: Prepare Open Edition Mint 
19:31:05 [31merror[39m: Returned error: execution reverted 
19:31:24 [35minfo[39m: Wallet | 0x56d70Bb6afD8d0ef713978E8441075D27100ad48 
19:31:24 [35minfo[39m: Prepare Open Edition Mint 
19:31:26 [31merror[39m: Returned error: execution reverted 
19:31:33 [35minfo[39m: Wallet | 0x56d70Bb6afD8d0ef713978E8441075D27100ad48 
19:31:33 [35minfo[39m: Prepare Open Edition Mint 
19:31:34 [31merror[39m: Returned error: execution reverted 
19:31:42 [35minfo[39m: Wallet | 0x56d70Bb6afD8d0ef713978E8441075D27100ad48 
19:31:42 [35minfo[39m: Prepare Open Edition Mint 
19:32:22 [35minfo[39m: Wallet | 0x56d70Bb6afD8d0ef713978E8441075D27100ad48 
19:32:22 [35minfo[39m: Prepare Open Edition Mint 
